2019-02-28 13:26:40 info: OTP for phone verification at signup: 091624 <----> 7990491267
2019-02-28 13:26:40 info: [0mPOST /signup [32m200 [0m42.753 ms - 67[0m

2019-02-28 13:27:05 info: New User created: [object Object]
2019-02-28 13:27:05 error: ReferenceError: sendSMS is not defined
2019-02-28 13:27:05 info: [0mPOST /verification/sms/signup [31m500 [0m319.850 ms - 67[0m

2019-02-28 13:28:30 info: [0mGET /signup?referral_id=pVIRdln [31m500 [0m11.908 ms - 2553[0m

2019-02-28 13:29:37 info: [0mGET /signup?referral_id=pVIRdln [32m200 [0m64.279 ms - 60[0m

2019-02-28 13:29:48 info: OTP for phone verification at signup: 026512 <----> 7990491267
2019-02-28 13:29:48 info: [0mPOST /signup?referral_id=pVIRdln [32m200 [0m25.888 ms - 67[0m

2019-02-28 13:32:02 info: [0mPOST /verification/sms/signup [0m- [0m- ms - -[0m

2019-02-28 13:32:21 info: OTP for phone verification at signup: 038359 <----> 7990491267
2019-02-28 13:32:21 info: [0mPOST /signup?referral_id=pVIRdln [32m200 [0m29.258 ms - 67[0m

2019-02-28 13:32:59 info: OTP for phone verification at signup: 058370 <----> 7990491267
2019-02-28 13:32:59 info: [0mPOST /signup?referral_id=pVIRdln [32m200 [0m6.422 ms - 67[0m

2019-02-28 13:33:29 info: [0mPOST /verification/sms/signup [0m- [0m- ms - -[0m

2019-02-28 13:33:34 error: SequelizeUniqueConstraintError: Validation error
2019-02-28 13:33:34 info: [0mPOST /verification/sms/signup [31m500 [0m196.158 ms - 67[0m

2019-02-28 13:34:15 info: [0mGET /signup?referral_id=pVIRdln [32m200 [0m31.865 ms - 60[0m

2019-02-28 13:34:20 info: OTP for phone verification at signup: 093160 <----> 2343153
2019-02-28 13:34:20 info: [0mPOST /signup?referral_id=pVIRdln [32m200 [0m1.908 ms - 67[0m

2019-02-28 13:34:41 info: New User created: [object Object]
2019-02-28 13:34:41 info: New Referral entry: prayag9218 ---> parth9218
2019-02-28 13:34:41 error: user_id is not defined
2019-02-28 13:34:41 info: [0mPOST /verification/sms/signup [31m500 [0m238.684 ms - 67[0m

2019-02-28 13:44:29 info: [0mGET /signup?referral_id=pVIRdln [32m200 [0m47.197 ms - 60[0m

2019-02-28 13:44:34 info: OTP for phone verification at signup: 026163 <----> 2343153
2019-02-28 13:44:34 info: [0mPOST /signup?referral_id=pVIRdln [32m200 [0m25.852 ms - 67[0m

2019-02-28 13:44:51 info: New User created: [object Object]
2019-02-28 13:44:51 info: New Referral entry: prayag9218 ---> parth9218
2019-02-28 13:44:51 error: user_id is not defined
2019-02-28 13:44:51 info: [0mPOST /verification/sms/signup [31m500 [0m262.658 ms - 67[0m

2019-02-28 14:16:06 info: [0mGET /signup?referral_id=pVIRdln [32m200 [0m41.902 ms - 60[0m

2019-02-28 14:16:10 info: OTP for phone verification at signup: 023315 <----> 2343153
2019-02-28 14:16:10 info: [0mPOST /signup?referral_id=pVIRdln [32m200 [0m26.854 ms - 67[0m

2019-02-28 14:16:27 info: New User created: [object Object]
2019-02-28 14:16:27 info: New Referral entry: prayag9218 ---> parth9218
2019-02-28 14:16:27 info: New coupon given to undefined
2019-02-28 14:16:27 error: username is not defined
2019-02-28 14:16:27 info: [0mPOST /verification/sms/signup [31m500 [0m318.928 ms - 67[0m

2019-02-28 14:17:41 info: [0mGET /signup?referral_id=pVIRdln [32m200 [0m45.548 ms - 60[0m

2019-02-28 14:17:45 info: OTP for phone verification at signup: 030001 <----> 2343153
2019-02-28 14:17:45 info: [0mPOST /signup?referral_id=pVIRdln [32m200 [0m20.778 ms - 67[0m

2019-02-28 14:17:56 info: New User created: [object Object]
2019-02-28 14:17:56 info: New Referral entry: prayag9218 ---> parth9218
2019-02-28 14:17:56 info: New coupon given to undefined
2019-02-28 14:17:56 error: username is not defined
2019-02-28 14:17:56 info: [0mPOST /verification/sms/signup [31m500 [0m299.186 ms - 67[0m

2019-02-28 14:18:58 info: [0mGET /signup?referral_id=pVIRdln [32m200 [0m37.836 ms - 60[0m

2019-02-28 14:19:01 info: OTP for phone verification at signup: 088860 <----> 2343153
2019-02-28 14:19:01 info: [0mPOST /signup?referral_id=pVIRdln [32m200 [0m22.995 ms - 67[0m

2019-02-28 14:19:14 error: SequelizeUniqueConstraintError: Validation error
2019-02-28 14:19:14 info: [0mPOST /verification/sms/signup [31m500 [0m206.351 ms - 67[0m

2019-02-28 14:19:31 info: [0mPOST /verification/sms/signup [33m401 [0m0.675 ms - 53[0m

2019-02-28 14:19:39 info: OTP for phone verification at signup: 098722 <----> 2343153
2019-02-28 14:19:39 info: [0mPOST /signup?referral_id=pVIRdln [32m200 [0m1.970 ms - 67[0m

2019-02-28 14:19:46 info: [0mGET /signup?referral_id=pVIRdln [32m200 [0m13.467 ms - 60[0m

2019-02-28 14:19:49 info: OTP for phone verification at signup: 060717 <----> 2343153
2019-02-28 14:19:49 info: [0mPOST /signup?referral_id=pVIRdln [32m200 [0m1.980 ms - 67[0m

2019-02-28 14:20:00 info: New User created: [object Object]
2019-02-28 14:20:00 info: New Referral entry: prayag9218 ---> parth9218
2019-02-28 14:20:00 error: Cannot read property 'dataValues' of null
2019-02-28 14:20:00 info: [0mPOST /verification/sms/signup [31m500 [0m208.142 ms - 67[0m

2019-02-28 14:22:23 info: [0mGET /signup?referral_id=pVIRdln [32m200 [0m45.398 ms - 60[0m

2019-02-28 14:22:26 info: OTP for phone verification at signup: 021375 <----> 2343153
2019-02-28 14:22:26 info: [0mPOST /signup?referral_id=pVIRdln [32m200 [0m21.321 ms - 67[0m

2019-02-28 14:22:34 info: New User created: [object Object]
2019-02-28 14:22:35 info: New Referral entry: prayag9218 ---> parth9218
2019-02-28 14:22:35 info: New coupon given to undefined
2019-02-28 14:22:35 error: username is not defined
2019-02-28 14:22:35 info: [0mPOST /verification/sms/signup [31m500 [0m312.627 ms - 67[0m

2019-02-28 14:24:28 info: [0mGET /signup?referral_id=pVIRdln [32m200 [0m41.232 ms - 60[0m

2019-02-28 14:24:32 info: OTP for phone verification at signup: 011560 <----> 2343153
2019-02-28 14:24:32 info: [0mPOST /signup?referral_id=pVIRdln [32m200 [0m23.160 ms - 67[0m

2019-02-28 14:24:45 info: New User created: [object Object]
2019-02-28 14:24:45 info: New Referral entry: prayag9218 ---> parth9218
2019-02-28 14:24:45 info: New coupon given to undefined
2019-02-28 14:24:45 error: username is not defined
2019-02-28 14:24:45 info: [0mPOST /verification/sms/signup [31m500 [0m324.403 ms - 67[0m

2019-02-28 14:25:57 info: [0mGET /signup?referral_id=pVIRdln [32m200 [0m41.887 ms - 60[0m

2019-02-28 14:26:01 info: OTP for phone verification at signup: 079907 <----> 2343153
2019-02-28 14:26:01 info: [0mPOST /signup?referral_id=pVIRdln [32m200 [0m20.881 ms - 67[0m

2019-02-28 14:26:12 info: New User created: [object Object]
2019-02-28 14:26:13 info: New Referral entry: prayag9218 ---> parth9218
2019-02-28 14:26:13 info: New coupon given to prayag9218
2019-02-28 14:26:13 error: username is not defined
2019-02-28 14:26:13 info: [0mPOST /verification/sms/signup [31m500 [0m323.915 ms - 67[0m

2019-02-28 14:27:23 info: [0mGET /signup?referral_id=pVIRdln [32m200 [0m41.189 ms - 60[0m

2019-02-28 14:27:27 info: OTP for phone verification at signup: 042978 <----> 2343153
2019-02-28 14:27:27 info: [0mPOST /signup?referral_id=pVIRdln [32m200 [0m23.397 ms - 67[0m

2019-02-28 14:27:36 info: New User created: [object Object]
2019-02-28 14:27:36 info: New Referral entry: prayag9218 ---> parth9218
2019-02-28 14:27:36 info: New coupon given to prayag9218
2019-02-28 14:27:36 info: [0mPOST /verification/sms/signup [32m200 [0m265.784 ms - 63[0m

2019-02-28 14:28:44 info: [0mPOST /login?= [33m401 [0m183.471 ms - 61[0m

2019-02-28 14:29:27 info: [0mPOST /login?= [33m401 [0m170.240 ms - 61[0m

2019-02-28 14:29:41 info: [0mPOST /login?= [32m200 [0m204.241 ms - 59[0m

2019-02-28 14:30:04 info: [0mGET /resetpassword [33m404 [0m2.238 ms - 152[0m

2019-02-28 14:30:35 info: OTP for reset password: 063739 <----> 2343153
2019-02-28 14:30:35 info: [0mPOST /resetpassword [32m200 [0m12.476 ms - 67[0m

2019-02-28 14:30:58 error: res.status.send is not a function
2019-02-28 14:30:58 info: [0mPOST /resetpassword [33m400 [0m13.093 ms - 53[0m

2019-02-28 14:31:37 info: parth9218  changed password
2019-02-28 14:31:37 info: [0mPOST /verification/sms/resetpassword [32m200 [0m179.895 ms - 58[0m

2019-02-28 14:31:50 info: [0mPOST /login [33m401 [0m169.207 ms - 61[0m

2019-02-28 14:31:54 info: [0mPOST /login [32m200 [0m156.413 ms - 59[0m

2019-02-28 14:33:24 info: [0mPOST /admin/redeem?coupon=18deedbd-92f3-4e2b-900d-ed5724001f82&user=prayag9218 [33m404 [0m0.574 ms - 152[0m

2019-02-28 14:33:45 info: [0mPOST /admin/validation/redeem?coupon=18deedbd-92f3-4e2b-900d-ed5724001f82&user=prayag9218 [33m404 [0m0.376 ms - 163[0m

2019-02-28 14:33:54 info: [0mGET /admin/validation/redeem?coupon=18deedbd-92f3-4e2b-900d-ed5724001f82&user=prayag9218 [32m200 [0m32.919 ms - 62[0m

2019-02-28 14:33:54 info: 18deedbd-92f3-4e2b-900d-ed5724001f82 was redeemed.
2019-02-28 14:33:59 info: [0mGET /admin/validation/redeem?coupon=18deedbd-92f3-4e2b-900d-ed5724001f82&user=prayag9218 [32m200 [0m9.938 ms - 69[0m

2019-02-28 14:34:23 info: [0mGET /admin/validation/redeem?coupon=18deedbd-92f3-4e2b-900d-ed5724001f82&user=rayag9218 [32m200 [0m12.030 ms - 67[0m

2019-02-28 14:36:01 info: [0mGET /admin/validation/redeem [32m200 [0m35.996 ms - 67[0m

2019-02-28 14:36:07 info: [0mGET /admin/validation/redeem [32m200 [0m27.012 ms - 69[0m

2019-02-28 14:37:04 info: [0mGET /admin/validation/redeem [32m200 [0m24.355 ms - 62[0m

2019-02-28 14:37:04 info: 18deedbd-92f3-4e2b-900d-ed5724001f82 was redeemed.
2019-02-28 14:37:09 info: [0mGET /admin/validation/redeem [32m200 [0m9.079 ms - 69[0m

2019-02-28 14:37:12 info: [0mGET /admin/validation/redeem [32m200 [0m3.651 ms - 67[0m

2019-02-28 15:41:06 info: OTP for phone verification at signup: 051183 <----> 2343153
2019-02-28 15:43:06 info: [0mPOST /signup [0m- [0m- ms - -[0m

2019-02-28 15:43:38 info: OTP for phone verification at signup: 061271 <----> 2343153
2019-02-28 15:44:56 info: [0mPOST /signup [0m- [0m- ms - -[0m

2019-02-28 15:44:59 info: OTP for phone verification at signup: 073470 <----> 2343153
2019-02-28 15:44:59 info: [0mPOST /signup [32m200 [0m12.045 ms - 67[0m

2019-02-28 15:45:56 info: OTP for phone verification at signup: 096166 <----> 2343153
2019-02-28 15:45:56 info: [0mPOST /signup [32m200 [0m40.804 ms - 67[0m

2019-02-28 15:48:14 info: OTP for phone verification at signup: 038009 <----> 2343153
2019-02-28 15:48:25 info: [0mPOST /signup [0m- [0m- ms - -[0m

2019-02-28 15:48:28 info: OTP for phone verification at signup: 077560 <----> 2343153
2019-02-28 15:48:28 info: [0mPOST /signup [32m200 [0m19.356 ms - 67[0m

2019-02-28 15:49:30 info: OTP for phone verification at signup: 064845 <----> 2343153
2019-02-28 15:49:59 info: [0mPOST /signup [33m406 [0m11.371 ms - 73[0m

2019-02-28 15:50:08 info: [0mPOST /signup [33m406 [0m1.819 ms - 73[0m

2019-02-28 15:50:15 info: [0mPOST /signup [33m406 [0m1.127 ms - 51[0m

2019-02-28 15:50:20 info: [0mPOST /signup [33m406 [0m0.735 ms - 51[0m

2019-02-28 15:50:24 info: OTP for phone verification at signup: 005119 <----> 2343153233
2019-02-28 15:51:06 info: [0mPOST /signup [33m406 [0m6.758 ms - 55[0m

2019-02-28 15:51:13 info: OTP for phone verification at signup: 056845 <----> 2343153231
2019-02-28 15:51:13 info: [0mPOST /signup [32m200 [0m27.016 ms - 67[0m

2019-02-28 15:51:24 info: New User created: [object Object]
2019-02-28 15:51:24 info: [0mPOST /verification/sms/signup [32m200 [0m244.522 ms - 49[0m

2019-02-28 15:51:43 info: [0mGET /signup?referral_id=qSWyYkw [32m200 [0m29.089 ms - 60[0m

2019-02-28 15:52:13 info: OTP for phone verification at signup: 049739 <----> 2343153232
2019-02-28 15:52:13 info: [0mPOST /signup?referral_id=qSWyYkw [32m200 [0m2.510 ms - 67[0m

2019-02-28 15:52:27 info: New User created: [object Object]
2019-02-28 15:52:27 info: New Referral entry: parth9218 ---> prayag9218
2019-02-28 15:52:27 info: New coupon given to parth9218
2019-02-28 15:52:27 info: [0mPOST /verification/sms/signup [32m200 [0m317.350 ms - 63[0m

2019-02-28 16:18:45 info: [0mPOST /signup [33m406 [0m12.246 ms - 33[0m

2019-02-28 16:19:39 info: [0mPOST /signup [33m406 [0m19.118 ms - 33[0m

2019-02-28 16:22:15 info: [0mPOST /signup [33m406 [0m16.852 ms - 33[0m

2019-02-28 16:22:32 info: [0mPOST /signup [33m406 [0m2.757 ms - 33[0m

2019-02-28 16:22:38 info: [0mPOST /signup [33m406 [0m19.682 ms - 33[0m

2019-02-28 16:23:31 info: [0mPOST /signup [33m406 [0m15.871 ms - 33[0m

2019-02-28 16:24:33 info: [0mPOST /signup [33m406 [0m42.711 ms - 67[0m

2019-02-28 16:24:39 info: [0mPOST /signup [33m406 [0m11.686 ms - 50[0m

2019-02-28 16:24:44 info: [0mPOST /signup [33m406 [0m0.986 ms - 55[0m

2019-02-28 16:25:23 info: [0mPOST /signup [0m- [0m- ms - -[0m

2019-02-28 16:25:54 info: OTP for phone verification at signup: 019379 <----> 2343151323
2019-02-28 16:26:10 info: [0mPOST /signup [0m- [0m- ms - -[0m

2019-02-28 16:26:16 info: OTP for phone verification at signup: 040359 <----> 2343151323
2019-02-28 16:26:16 info: [0mPOST /signup [32m200 [0m28.451 ms - 67[0m

2019-02-28 16:26:28 info: [0mPOST /verification/sms/signup [33m401 [0m2.311 ms - 53[0m

2019-02-28 16:26:34 info: [0mPOST /verification/sms/signup [33m401 [0m0.922 ms - 53[0m

2019-02-28 16:26:48 info: OTP for phone verification at signup: 085986 <----> 2343151323
2019-02-28 16:26:48 info: [0mPOST /signup [32m200 [0m13.193 ms - 67[0m

2019-02-28 16:26:58 info: New User created: [object Object]
2019-02-28 16:26:58 info: [0mPOST /verification/sms/signup [32m200 [0m181.500 ms - 49[0m

2019-02-28 16:27:22 info: [0mGET /signup?re [32m200 [0m0.987 ms - 54[0m

2019-02-28 16:27:59 info: [0mGET /signup?referral_id=9zHhQHR [32m200 [0m17.954 ms - 60[0m

2019-02-28 16:28:05 info: [0mPOST /signup?referral_id=9zHhQHR [33m406 [0m4.411 ms - 67[0m

2019-02-28 16:28:16 info: [0mPOST /signup?referral_id=9zHhQHR [33m406 [0m4.141 ms - 50[0m

2019-02-28 16:28:23 info: OTP for phone verification at signup: 056093 <----> 2343151321
2019-02-28 16:28:23 info: [0mPOST /signup?referral_id=9zHhQHR [32m200 [0m9.059 ms - 67[0m

2019-02-28 16:28:36 info: New User created: [object Object]
2019-02-28 16:28:36 info: New Referral entry: prayag921 ---> parth921
2019-02-28 16:28:36 info: New coupon given to prayag921
2019-02-28 16:28:36 info: [0mPOST /verification/sms/signup [32m200 [0m283.579 ms - 63[0m

2019-02-28 16:30:50 info: [0mGET /admin/validation/redeem [32m200 [0m23.659 ms - 62[0m

2019-02-28 16:30:50 info: 0671c524-b537-4cbe-9504-94733f2b0ea3 was redeemed.
2019-02-28 16:30:55 info: [0mGET /admin/validation/redeem [32m200 [0m9.069 ms - 69[0m

